<?xml version="1.0" encoding="UTF-8"?>
<coverage generated="1563660344551" clover="3.2.0">
  <project timestamp="1563660344552" name="All files">
    <metrics statements="72" coveredstatements="70" conditionals="25" coveredconditionals="15" methods="15" coveredmethods="13" elements="112" coveredelements="98" complexity="0" loc="72" ncloc="72" packages="3" files="3" classes="3"/>
    <package name="GitFollowers">
      <metrics statements="3" coveredstatements="3" conditionals="0" coveredconditionals="0" methods="0" coveredmethods="0"/>
      <file name="env.js" path="C:\Users\ztb0504\Documents\Projects\Node\GitFollowers\env.js">
        <metrics statements="3" coveredstatements="3" conditionals="0" coveredconditionals="0" methods="0" coveredmethods="0"/>
        <line num="1" count="1" type="stmt"/>
        <line num="2" count="1" type="stmt"/>
        <line num="3" count="1" type="stmt"/>
      </file>
    </package>
    <package name="GitFollowers.src">
      <metrics statements="68" coveredstatements="66" conditionals="25" coveredconditionals="15" methods="15" coveredmethods="13"/>
      <file name="followers.js" path="C:\Users\ztb0504\Documents\Projects\Node\GitFollowers\src\followers.js">
        <metrics statements="68" coveredstatements="66" conditionals="25" coveredconditionals="15" methods="15" coveredmethods="13"/>
        <line num="3" count="1" type="stmt"/>
        <line num="4" count="1" type="stmt"/>
        <line num="5" count="1" type="stmt"/>
        <line num="7" count="1" type="stmt"/>
        <line num="13" count="1" type="stmt"/>
        <line num="14" count="1" type="stmt"/>
        <line num="49" count="1" type="stmt"/>
        <line num="50" count="18" type="stmt"/>
        <line num="51" count="18" type="stmt"/>
        <line num="55" count="18" type="stmt"/>
        <line num="56" count="90" type="stmt"/>
        <line num="61" count="90" type="stmt"/>
        <line num="63" count="18" type="stmt"/>
        <line num="66" count="1" type="stmt"/>
        <line num="67" count="75" type="stmt"/>
        <line num="68" count="75" type="stmt"/>
        <line num="72" count="75" type="stmt"/>
        <line num="73" count="375" type="stmt"/>
        <line num="76" count="375" type="stmt"/>
        <line num="78" count="75" type="stmt"/>
        <line num="82" count="75" type="stmt"/>
        <line num="85" count="75" type="stmt"/>
        <line num="87" count="75" type="stmt"/>
        <line num="90" count="0" type="stmt"/>
        <line num="93" count="1" type="stmt"/>
        <line num="94" count="15" type="stmt"/>
        <line num="96" count="15" type="stmt"/>
        <line num="98" count="15" type="stmt"/>
        <line num="102" count="15" type="stmt"/>
        <line num="103" count="15" type="stmt"/>
        <line num="104" count="15" type="stmt"/>
        <line num="105" count="15" type="cond" truecount="1" falsecount="1"/>
        <line num="107" count="15" type="cond" truecount="1" falsecount="1"/>
        <line num="109" count="15" type="cond" truecount="1" falsecount="1"/>
        <line num="111" count="15" type="cond" truecount="1" falsecount="1"/>
        <line num="113" count="15" type="cond" truecount="1" falsecount="1"/>
        <line num="115" count="15" type="stmt"/>
        <line num="120" count="15" type="stmt"/>
        <line num="121" count="75" type="stmt"/>
        <line num="123" count="15" type="stmt"/>
        <line num="126" count="0" type="stmt"/>
        <line num="129" count="15" type="stmt"/>
        <line num="133" count="1" type="cond" truecount="1" falsecount="0"/>
        <line num="134" count="7" type="cond" truecount="2" falsecount="0"/>
        <line num="135" count="5" type="stmt"/>
        <line num="136" count="5" type="stmt"/>
        <line num="137" count="5" type="stmt"/>
        <line num="138" count="5" type="stmt"/>
        <line num="140" count="3" type="stmt"/>
        <line num="141" count="3" type="stmt"/>
        <line num="145" count="3" type="stmt"/>
        <line num="146" count="3" type="stmt"/>
        <line num="147" count="3" type="stmt"/>
        <line num="148" count="3" type="cond" truecount="1" falsecount="1"/>
        <line num="150" count="3" type="cond" truecount="1" falsecount="1"/>
        <line num="152" count="3" type="cond" truecount="1" falsecount="1"/>
        <line num="154" count="3" type="cond" truecount="1" falsecount="1"/>
        <line num="156" count="3" type="cond" truecount="1" falsecount="1"/>
        <line num="158" count="3" type="stmt"/>
        <line num="163" count="3" type="stmt"/>
        <line num="164" count="15" type="stmt"/>
        <line num="166" count="3" type="stmt"/>
        <line num="169" count="2" type="cond" truecount="2" falsecount="0"/>
        <line num="170" count="1" type="stmt"/>
        <line num="173" count="1" type="stmt"/>
        <line num="174" count="1" type="stmt"/>
        <line num="176" count="5" type="stmt"/>
        <line num="178" count="2" type="stmt"/>
      </file>
    </package>
    <package name="GitFollowers.tests">
      <metrics statements="1" coveredstatements="1" conditionals="0" coveredconditionals="0" methods="0" coveredmethods="0"/>
      <file name="mockData.js" path="C:\Users\ztb0504\Documents\Projects\Node\GitFollowers\tests\mockData.js">
        <metrics statements="1" coveredstatements="1" conditionals="0" coveredconditionals="0" methods="0" coveredmethods="0"/>
        <line num="1" count="1" type="stmt"/>
      </file>
    </package>
  </project>
</coverage>
