{"C:\\Users\\ztb0504\\Documents\\Projects\\Node\\GitFollowers\\src\\followers.js": {"path":"C:\\Users\\ztb0504\\Documents\\Projects\\Node\\GitFollowers\\src\\followers.js","statementMap":{"0":{"start":{"line":1,"column":14},"end":{"line":1,"column":30}},"1":{"start":{"line":2,"column":0},"end":{"line":2,"column":26}},"2":{"start":{"line":4,"column":23},"end":{"line":4,"column":54}},"3":{"start":{"line":8,"column":29},"end":{"line":22,"column":1}},"4":{"start":{"line":9,"column":16},"end":{"line":9,"column":38}},"5":{"start":{"line":10,"column":20},"end":{"line":10,"column":57}},"6":{"start":{"line":11,"column":17},"end":{"line":20,"column":6}},"7":{"start":{"line":14,"column":6},"end":{"line":14,"column":39}},"8":{"start":{"line":18,"column":6},"end":{"line":18,"column":25}},"9":{"start":{"line":19,"column":6},"end":{"line":19,"column":75}},"10":{"start":{"line":21,"column":2},"end":{"line":21,"column":16}}},"fnMap":{"0":{"name":"(anonymous_0)","decl":{"start":{"line":8,"column":29},"end":{"line":8,"column":30}},"loc":{"start":{"line":8,"column":54},"end":{"line":22,"column":1}},"line":8},"1":{"name":"(anonymous_1)","decl":{"start":{"line":12,"column":10},"end":{"line":12,"column":11}},"loc":{"start":{"line":12,"column":24},"end":{"line":15,"column":5}},"line":12},"2":{"name":"(anonymous_2)","decl":{"start":{"line":16,"column":11},"end":{"line":16,"column":12}},"loc":{"start":{"line":16,"column":22},"end":{"line":20,"column":5}},"line":16}},"branchMap":{"0":{"loc":{"start":{"line":8,"column":36},"end":{"line":8,"column":49}},"type":"default-arg","locations":[{"start":{"line":8,"column":47},"end":{"line":8,"column":49}}],"line":8}},"s":{"0":1,"1":1,"2":1,"3":1,"4":3,"5":3,"6":3,"7":2,"8":1,"9":1,"10":3},"f":{"0":3,"1":2,"2":1},"b":{"0":[1]},"_coverageSchema":"43e27e138ebf9cfc5966b082cf9a028302ed4184","hash":"0ded7adeedb0db9486a7572a59b0bd7b6b8107e1"}
}
