{"C:\\Users\\ztb0504\\Documents\\Projects\\Node\\GitFollowers\\env.js": {"path":"C:\\Users\\ztb0504\\Documents\\Projects\\Node\\GitFollowers\\env.js","statementMap":{"0":{"start":{"line":1,"column":18},"end":{"line":1,"column":40}},"1":{"start":{"line":2,"column":22},"end":{"line":2,"column":64}},"2":{"start":{"line":3,"column":0},"end":{"line":5,"column":2}}},"fnMap":{},"branchMap":{},"s":{"0":1,"1":1,"2":1},"f":{},"b":{},"_coverageSchema":"43e27e138ebf9cfc5966b082cf9a028302ed4184","hash":"7ebd94f5348cdfcde57231a9d4ac725d59d999d6"}
,"C:\\Users\\ztb0504\\Documents\\Projects\\Node\\GitFollowers\\src\\followers.js": {"path":"C:\\Users\\ztb0504\\Documents\\Projects\\Node\\GitFollowers\\src\\followers.js","statementMap":{"0":{"start":{"line":3,"column":14},"end":{"line":3,"column":30}},"1":{"start":{"line":4,"column":0},"end":{"line":4,"column":26}},"2":{"start":{"line":5,"column":12},"end":{"line":5,"column":29}},"3":{"start":{"line":7,"column":15},"end":{"line":12,"column":1}},"4":{"start":{"line":13,"column":23},"end":{"line":13,"column":54}},"5":{"start":{"line":14,"column":23},"end":{"line":14,"column":38}},"6":{"start":{"line":49,"column":29},"end":{"line":64,"column":1}},"7":{"start":{"line":50,"column":15},"end":{"line":50,"column":40}},"8":{"start":{"line":51,"column":23},"end":{"line":54,"column":3}},"9":{"start":{"line":55,"column":2},"end":{"line":62,"column":5}},"10":{"start":{"line":56,"column":24},"end":{"line":60,"column":5}},"11":{"start":{"line":61,"column":4},"end":{"line":61,"column":45}},"12":{"start":{"line":63,"column":2},"end":{"line":63,"column":22}},"13":{"start":{"line":66,"column":27},"end":{"line":79,"column":1}},"14":{"start":{"line":67,"column":15},"end":{"line":67,"column":40}},"15":{"start":{"line":68,"column":23},"end":{"line":71,"column":3}},"16":{"start":{"line":72,"column":2},"end":{"line":77,"column":5}},"17":{"start":{"line":73,"column":24},"end":{"line":75,"column":5}},"18":{"start":{"line":76,"column":4},"end":{"line":76,"column":45}},"19":{"start":{"line":78,"column":2},"end":{"line":78,"column":22}},"20":{"start":{"line":82,"column":17},"end":{"line":91,"column":4}},"21":{"start":{"line":82,"column":36},"end":{"line":91,"column":4}},"22":{"start":{"line":85,"column":19},"end":{"line":85,"column":50}},"23":{"start":{"line":87,"column":4},"end":{"line":87,"column":18}},"24":{"start":{"line":90,"column":4},"end":{"line":90,"column":43}},"25":{"start":{"line":93,"column":18},"end":{"line":130,"column":1}},"26":{"start":{"line":94,"column":18},"end":{"line":127,"column":6}},"27":{"start":{"line":96,"column":21},"end":{"line":96,"column":54}},"28":{"start":{"line":98,"column":6},"end":{"line":98,"column":20}},"29":{"start":{"line":102,"column":23},"end":{"line":102,"column":42}},"30":{"start":{"line":103,"column":27},"end":{"line":103,"column":29}},"31":{"start":{"line":104,"column":29},"end":{"line":104,"column":38}},"32":{"start":{"line":105,"column":6},"end":{"line":106,"column":83}},"33":{"start":{"line":107,"column":6},"end":{"line":108,"column":83}},"34":{"start":{"line":109,"column":6},"end":{"line":110,"column":83}},"35":{"start":{"line":111,"column":6},"end":{"line":112,"column":83}},"36":{"start":{"line":113,"column":6},"end":{"line":114,"column":83}},"37":{"start":{"line":115,"column":19},"end":{"line":119,"column":7}},"38":{"start":{"line":120,"column":6},"end":{"line":122,"column":7}},"39":{"start":{"line":120,"column":19},"end":{"line":120,"column":20}},"40":{"start":{"line":121,"column":8},"end":{"line":121,"column":45}},"41":{"start":{"line":123,"column":6},"end":{"line":123,"column":18}},"42":{"start":{"line":126,"column":6},"end":{"line":126,"column":45}},"43":{"start":{"line":129,"column":2},"end":{"line":129,"column":17}},"44":{"start":{"line":133,"column":38},"end":{"line":180,"column":1}},"45":{"start":{"line":134,"column":2},"end":{"line":177,"column":3}},"46":{"start":{"line":135,"column":18},"end":{"line":135,"column":40}},"47":{"start":{"line":136,"column":22},"end":{"line":136,"column":76}},"48":{"start":{"line":137,"column":23},"end":{"line":137,"column":25}},"49":{"start":{"line":138,"column":19},"end":{"line":175,"column":8}},"50":{"start":{"line":140,"column":8},"end":{"line":140,"column":60}},"51":{"start":{"line":141,"column":8},"end":{"line":141,"column":28}},"52":{"start":{"line":145,"column":25},"end":{"line":145,"column":44}},"53":{"start":{"line":146,"column":29},"end":{"line":146,"column":31}},"54":{"start":{"line":147,"column":31},"end":{"line":147,"column":40}},"55":{"start":{"line":148,"column":8},"end":{"line":149,"column":86}},"56":{"start":{"line":150,"column":8},"end":{"line":151,"column":86}},"57":{"start":{"line":152,"column":8},"end":{"line":153,"column":86}},"58":{"start":{"line":154,"column":8},"end":{"line":155,"column":86}},"59":{"start":{"line":156,"column":8},"end":{"line":157,"column":86}},"60":{"start":{"line":158,"column":21},"end":{"line":162,"column":9}},"61":{"start":{"line":163,"column":8},"end":{"line":165,"column":9}},"62":{"start":{"line":163,"column":21},"end":{"line":163,"column":22}},"63":{"start":{"line":164,"column":10},"end":{"line":164,"column":47}},"64":{"start":{"line":166,"column":8},"end":{"line":166,"column":20}},"65":{"start":{"line":169,"column":8},"end":{"line":171,"column":9}},"66":{"start":{"line":170,"column":10},"end":{"line":170,"column":92}},"67":{"start":{"line":173,"column":8},"end":{"line":173,"column":27}},"68":{"start":{"line":174,"column":8},"end":{"line":174,"column":77}},"69":{"start":{"line":176,"column":4},"end":{"line":176,"column":18}},"70":{"start":{"line":178,"column":2},"end":{"line":178,"column":42}}},"fnMap":{"0":{"name":"(anonymous_0)","decl":{"start":{"line":49,"column":29},"end":{"line":49,"column":30}},"loc":{"start":{"line":49,"column":50},"end":{"line":64,"column":1}},"line":49},"1":{"name":"(anonymous_1)","decl":{"start":{"line":55,"column":15},"end":{"line":55,"column":16}},"loc":{"start":{"line":55,"column":29},"end":{"line":62,"column":3}},"line":55},"2":{"name":"(anonymous_2)","decl":{"start":{"line":66,"column":27},"end":{"line":66,"column":28}},"loc":{"start":{"line":66,"column":48},"end":{"line":79,"column":1}},"line":66},"3":{"name":"(anonymous_3)","decl":{"start":{"line":72,"column":15},"end":{"line":72,"column":16}},"loc":{"start":{"line":72,"column":29},"end":{"line":77,"column":3}},"line":72},"4":{"name":"(anonymous_4)","decl":{"start":{"line":82,"column":17},"end":{"line":82,"column":18}},"loc":{"start":{"line":82,"column":36},"end":{"line":91,"column":4}},"line":82},"5":{"name":"(anonymous_5)","decl":{"start":{"line":84,"column":8},"end":{"line":84,"column":9}},"loc":{"start":{"line":84,"column":22},"end":{"line":88,"column":3}},"line":84},"6":{"name":"(anonymous_6)","decl":{"start":{"line":89,"column":9},"end":{"line":89,"column":10}},"loc":{"start":{"line":89,"column":20},"end":{"line":91,"column":3}},"line":89},"7":{"name":"(anonymous_7)","decl":{"start":{"line":93,"column":18},"end":{"line":93,"column":19}},"loc":{"start":{"line":93,"column":37},"end":{"line":130,"column":1}},"line":93},"8":{"name":"(anonymous_8)","decl":{"start":{"line":95,"column":10},"end":{"line":95,"column":11}},"loc":{"start":{"line":95,"column":24},"end":{"line":99,"column":5}},"line":95},"9":{"name":"(anonymous_9)","decl":{"start":{"line":100,"column":10},"end":{"line":100,"column":11}},"loc":{"start":{"line":100,"column":31},"end":{"line":124,"column":5}},"line":100},"10":{"name":"(anonymous_10)","decl":{"start":{"line":125,"column":11},"end":{"line":125,"column":12}},"loc":{"start":{"line":125,"column":22},"end":{"line":127,"column":5}},"line":125},"11":{"name":"(anonymous_11)","decl":{"start":{"line":133,"column":38},"end":{"line":133,"column":39}},"loc":{"start":{"line":133,"column":63},"end":{"line":180,"column":1}},"line":133},"12":{"name":"(anonymous_12)","decl":{"start":{"line":139,"column":12},"end":{"line":139,"column":13}},"loc":{"start":{"line":139,"column":32},"end":{"line":142,"column":7}},"line":139},"13":{"name":"(anonymous_13)","decl":{"start":{"line":143,"column":12},"end":{"line":143,"column":13}},"loc":{"start":{"line":143,"column":33},"end":{"line":167,"column":7}},"line":143},"14":{"name":"(anonymous_14)","decl":{"start":{"line":168,"column":13},"end":{"line":168,"column":14}},"loc":{"start":{"line":168,"column":24},"end":{"line":175,"column":7}},"line":168}},"branchMap":{"0":{"loc":{"start":{"line":105,"column":24},"end":{"line":106,"column":82}},"type":"cond-expr","locations":[{"start":{"line":106,"column":10},"end":{"line":106,"column":70}},{"start":{"line":106,"column":73},"end":{"line":106,"column":82}}],"line":105},"1":{"loc":{"start":{"line":107,"column":24},"end":{"line":108,"column":82}},"type":"cond-expr","locations":[{"start":{"line":108,"column":10},"end":{"line":108,"column":70}},{"start":{"line":108,"column":73},"end":{"line":108,"column":82}}],"line":107},"2":{"loc":{"start":{"line":109,"column":24},"end":{"line":110,"column":82}},"type":"cond-expr","locations":[{"start":{"line":110,"column":10},"end":{"line":110,"column":70}},{"start":{"line":110,"column":73},"end":{"line":110,"column":82}}],"line":109},"3":{"loc":{"start":{"line":111,"column":24},"end":{"line":112,"column":82}},"type":"cond-expr","locations":[{"start":{"line":112,"column":10},"end":{"line":112,"column":70}},{"start":{"line":112,"column":73},"end":{"line":112,"column":82}}],"line":111},"4":{"loc":{"start":{"line":113,"column":24},"end":{"line":114,"column":82}},"type":"cond-expr","locations":[{"start":{"line":114,"column":10},"end":{"line":114,"column":70}},{"start":{"line":114,"column":73},"end":{"line":114,"column":82}}],"line":113},"5":{"loc":{"start":{"line":133,"column":45},"end":{"line":133,"column":58}},"type":"default-arg","locations":[{"start":{"line":133,"column":56},"end":{"line":133,"column":58}}],"line":133},"6":{"loc":{"start":{"line":134,"column":2},"end":{"line":177,"column":3}},"type":"if","locations":[{"start":{"line":134,"column":2},"end":{"line":177,"column":3}},{"start":{"line":134,"column":2},"end":{"line":177,"column":3}}],"line":134},"7":{"loc":{"start":{"line":148,"column":26},"end":{"line":149,"column":85}},"type":"cond-expr","locations":[{"start":{"line":149,"column":12},"end":{"line":149,"column":73}},{"start":{"line":149,"column":76},"end":{"line":149,"column":85}}],"line":148},"8":{"loc":{"start":{"line":150,"column":26},"end":{"line":151,"column":85}},"type":"cond-expr","locations":[{"start":{"line":151,"column":12},"end":{"line":151,"column":73}},{"start":{"line":151,"column":76},"end":{"line":151,"column":85}}],"line":150},"9":{"loc":{"start":{"line":152,"column":26},"end":{"line":153,"column":85}},"type":"cond-expr","locations":[{"start":{"line":153,"column":12},"end":{"line":153,"column":73}},{"start":{"line":153,"column":76},"end":{"line":153,"column":85}}],"line":152},"10":{"loc":{"start":{"line":154,"column":26},"end":{"line":155,"column":85}},"type":"cond-expr","locations":[{"start":{"line":155,"column":12},"end":{"line":155,"column":73}},{"start":{"line":155,"column":76},"end":{"line":155,"column":85}}],"line":154},"11":{"loc":{"start":{"line":156,"column":26},"end":{"line":157,"column":85}},"type":"cond-expr","locations":[{"start":{"line":157,"column":12},"end":{"line":157,"column":73}},{"start":{"line":157,"column":76},"end":{"line":157,"column":85}}],"line":156},"12":{"loc":{"start":{"line":169,"column":8},"end":{"line":171,"column":9}},"type":"if","locations":[{"start":{"line":169,"column":8},"end":{"line":171,"column":9}},{"start":{"line":169,"column":8},"end":{"line":171,"column":9}}],"line":169}},"s":{"0":1,"1":1,"2":1,"3":1,"4":1,"5":1,"6":1,"7":18,"8":18,"9":18,"10":90,"11":90,"12":18,"13":1,"14":75,"15":75,"16":75,"17":375,"18":375,"19":75,"20":1,"21":75,"22":75,"23":75,"24":0,"25":1,"26":15,"27":15,"28":15,"29":15,"30":15,"31":15,"32":15,"33":15,"34":15,"35":15,"36":15,"37":15,"38":15,"39":15,"40":75,"41":15,"42":0,"43":15,"44":1,"45":7,"46":5,"47":5,"48":5,"49":5,"50":3,"51":3,"52":3,"53":3,"54":3,"55":3,"56":3,"57":3,"58":3,"59":3,"60":3,"61":3,"62":3,"63":15,"64":3,"65":2,"66":1,"67":1,"68":1,"69":5,"70":2},"f":{"0":18,"1":90,"2":75,"3":375,"4":75,"5":75,"6":0,"7":15,"8":15,"9":15,"10":0,"11":7,"12":3,"13":3,"14":2},"b":{"0":[15,0],"1":[15,0],"2":[15,0],"3":[15,0],"4":[15,0],"5":[1],"6":[5,2],"7":[3,0],"8":[3,0],"9":[3,0],"10":[3,0],"11":[3,0],"12":[1,1]},"_coverageSchema":"43e27e138ebf9cfc5966b082cf9a028302ed4184","hash":"d8cccd7003f9478b6e533d105e68bec0966427d3"}
,"C:\\Users\\ztb0504\\Documents\\Projects\\Node\\GitFollowers\\tests\\mockData.js": {"path":"C:\\Users\\ztb0504\\Documents\\Projects\\Node\\GitFollowers\\tests\\mockData.js","statementMap":{"0":{"start":{"line":1,"column":24},"end":{"line":107,"column":1}}},"fnMap":{},"branchMap":{},"s":{"0":1},"f":{},"b":{},"_coverageSchema":"43e27e138ebf9cfc5966b082cf9a028302ed4184","hash":"76a214470a6791634caaeee9ed0b6022f9a112bf"}
}
