TN:
SF:C:\Users\ztb0504\Documents\Projects\Node\GitFollowers\env.js
FNF:0
FNH:0
DA:1,1
DA:2,1
DA:3,1
LF:3
LH:3
BRF:0
BRH:0
end_of_record
TN:
SF:C:\Users\ztb0504\Documents\Projects\Node\GitFollowers\src\followers.js
FN:16,(anonymous_0)
FN:21,(anonymous_1)
FN:28,(anonymous_2)
FN:34,(anonymous_3)
FN:48,(anonymous_4)
FNF:5
FNH:5
FNDA:7,(anonymous_0)
FNDA:3,(anonymous_1)
FNDA:12,(anonymous_2)
FNDA:2,(anonymous_3)
FNDA:1,(anonymous_4)
DA:1,1
DA:2,1
DA:3,1
DA:5,1
DA:11,1
DA:12,1
DA:16,1
DA:17,7
DA:18,5
DA:19,5
DA:20,5
DA:23,3
DA:24,3
DA:28,3
DA:29,12
DA:30,12
DA:32,3
DA:35,2
DA:36,1
DA:39,1
DA:40,1
DA:42,5
DA:43,5
DA:45,2
DA:48,1
DA:49,1
DA:50,1
DA:51,1
DA:52,1
DA:53,1
LF:30
LH:30
BRDA:16,0,0,1
BRDA:17,1,0,5
BRDA:17,1,1,2
BRDA:35,2,0,1
BRDA:35,2,1,1
BRDA:48,3,0,0
BRF:6
BRH:5
end_of_record
TN:
SF:C:\Users\ztb0504\Documents\Projects\Node\GitFollowers\tests\mockData.js
FNF:0
FNH:0
DA:1,1
LF:1
LH:1
BRF:0
BRH:0
end_of_record
