TN:
SF:C:\Users\ztb0504\Documents\Projects\Node\GitFollowers\env.js
FNF:0
FNH:0
DA:1,1
DA:2,1
DA:3,1
LF:3
LH:3
BRF:0
BRH:0
end_of_record
TN:
SF:C:\Users\ztb0504\Documents\Projects\Node\GitFollowers\src\followers.js
FN:19,(anonymous_0)
FN:24,(anonymous_1)
FN:31,(anonymous_2)
FN:37,(anonymous_3)
FN:52,(anonymous_4)
FN:58,(anonymous_5)
FN:69,(anonymous_6)
FN:75,(anonymous_7)
FN:85,(anonymous_8)
FN:87,(anonymous_9)
FN:92,(anonymous_10)
FN:96,(anonymous_11)
FN:98,(anonymous_12)
FN:103,(anonymous_13)
FN:123,(anonymous_14)
FN:131,(anonymous_15)
FN:138,(anonymous_16)
FN:142,(anonymous_17)
FN:162,(anonymous_18)
FNF:19
FNH:16
FNDA:6,(anonymous_0)
FNDA:2,(anonymous_1)
FNDA:10,(anonymous_2)
FNDA:2,(anonymous_3)
FNDA:6,(anonymous_4)
FNDA:30,(anonymous_5)
FNDA:25,(anonymous_6)
FNDA:125,(anonymous_7)
FNDA:25,(anonymous_8)
FNDA:25,(anonymous_9)
FNDA:0,(anonymous_10)
FNDA:5,(anonymous_11)
FNDA:5,(anonymous_12)
FNDA:5,(anonymous_13)
FNDA:0,(anonymous_14)
FNDA:1,(anonymous_15)
FNDA:1,(anonymous_16)
FNDA:1,(anonymous_17)
FNDA:0,(anonymous_18)
DA:4,1
DA:5,1
DA:6,1
DA:8,1
DA:14,1
DA:15,1
DA:19,1
DA:20,6
DA:21,4
DA:22,4
DA:23,4
DA:26,2
DA:27,2
DA:31,2
DA:32,10
DA:33,10
DA:35,2
DA:38,2
DA:39,1
DA:42,1
DA:43,1
DA:45,4
DA:47,2
DA:52,1
DA:53,6
DA:54,6
DA:58,6
DA:59,30
DA:64,30
DA:66,6
DA:69,1
DA:70,25
DA:71,25
DA:75,25
DA:76,125
DA:79,125
DA:81,25
DA:85,25
DA:88,25
DA:90,25
DA:93,0
DA:96,1
DA:97,5
DA:99,5
DA:101,5
DA:106,5
DA:107,5
DA:108,5
DA:109,5
DA:110,5
DA:111,5
DA:112,5
DA:113,5
DA:114,5
DA:115,5
DA:116,5
DA:117,5
DA:124,0
DA:127,5
DA:131,1
DA:132,1
DA:133,1
DA:134,1
DA:135,1
DA:136,1
DA:137,1
DA:139,1
DA:140,1
DA:145,1
DA:146,1
DA:147,1
DA:148,1
DA:149,1
DA:150,1
DA:151,1
DA:152,1
DA:153,1
DA:154,1
DA:155,1
DA:156,1
DA:163,0
DA:164,0
DA:167,0
DA:168,0
DA:170,1
DA:172,0
LF:86
LH:79
BRDA:19,0,0,1
BRDA:20,1,0,4
BRDA:20,1,1,2
BRDA:38,2,0,1
BRDA:38,2,1,1
BRDA:131,3,0,0
BRDA:132,4,0,1
BRDA:132,4,1,0
BRDA:163,5,0,0
BRDA:163,5,1,0
BRF:10
BRH:6
end_of_record
TN:
SF:C:\Users\ztb0504\Documents\Projects\Node\GitFollowers\tests\mockData.js
FNF:0
FNH:0
DA:1,1
LF:1
LH:1
BRF:0
BRH:0
end_of_record
